<?xml version="1.0" encoding="UTF-8"?>
<!-- Generated by org.testng.reporters.JUnitReportReporter -->
<testsuite skipped="0" hostname="DESKTOP-VLB5RLR" name="com.computech.testcases.LogoutTest" tests="1" failures="0" timestamp="2021-09-05T09:42:55 IST" time="21.645" errors="0">
  <testcase name="loginToHRM" time="21.645" classname="com.computech.testcases.LogoutTest"/>
</testsuite> <!-- com.computech.testcases.LogoutTest -->
