<?xml version="1.0" encoding="UTF-8"?>
<!-- Generated by org.testng.reporters.JUnitReportReporter -->
<testsuite skipped="0" hostname="DESKTOP-VLB5RLR" name="com.computech.testcases.HRMLoginTestDDF" tests="1" failures="0" timestamp="2021-08-30T22:08:49 IST" time="5.892" errors="0">
  <testcase name="loginToHRM" time="5.892" classname="com.computech.testcases.HRMLoginTestDDF"/>
</testsuite> <!-- com.computech.testcases.HRMLoginTestDDF -->
