<?xml version="1.0" encoding="UTF-8"?>
<!-- Generated by org.testng.reporters.JUnitReportReporter -->
<testsuite skipped="0" hostname="DESKTOP-VLB5RLR" name="com.computech.unittestcases.TestDataProvider" tests="2" failures="0" timestamp="2021-08-28T11:05:32 IST" time="1.115" errors="0">
  <testcase name="testExcelLib" time="1.071" classname="com.computech.unittestcases.TestDataProvider"/>
  <testcase name="testConfigLib" time="0.044" classname="com.computech.unittestcases.TestDataProvider"/>
</testsuite> <!-- com.computech.unittestcases.TestDataProvider -->
