<?xml version="1.0" encoding="UTF-8"?>
<!-- Generated by org.testng.reporters.JUnitReportReporter -->
<testsuite skipped="0" hostname="DESKTOP-VLB5RLR" name="com.computech.unittestcases.TestBrowserFactory" tests="1" failures="0" timestamp="2021-08-28T11:22:35 IST" time="11.288" errors="0">
  <testcase name="browserUtility" time="11.288" classname="com.computech.unittestcases.TestBrowserFactory"/>
</testsuite> <!-- com.computech.unittestcases.TestBrowserFactory -->
