<?xml version="1.0" encoding="UTF-8"?>
<!-- Generated by org.testng.reporters.JUnitReportReporter -->
<testsuite skipped="0" hostname="DESKTOP-VLB5RLR" name="com.computech.testcases.LogoutTest" tests="1" failures="0" timestamp="2021-09-02T22:15:57 IST" time="17.995" errors="0">
  <testcase name="loginToHRM" time="17.995" classname="com.computech.testcases.LogoutTest"/>
</testsuite> <!-- com.computech.testcases.LogoutTest -->
